0 info it worked if it ends with ok
1 verbose cli [ 'C:\\Program Files (x86)\\nodejs\\\\node.exe',
1 verbose cli   'C:\\Program Files (x86)\\nodejs\\node_modules\\npm\\bin\\npm-cli.js',
1 verbose cli   'install',
1 verbose cli   '-g',
1 verbose cli   'git://github.com/jsdoc3/jsdoc.git' ]
2 info using npm@1.3.11
3 info using node@v0.10.21
4 verbose node symlink C:\Program Files (x86)\nodejs\\node.exe
5 verbose cache add [ 'git://github.com/jsdoc3/jsdoc.git', null ]
6 verbose cache add name=undefined spec="git://github.com/jsdoc3/jsdoc.git" args=["git://github.com/jsdoc3/jsdoc.git",null]
7 verbose parsed url { protocol: 'git:',
7 verbose parsed url   slashes: true,
7 verbose parsed url   auth: null,
7 verbose parsed url   host: 'github.com',
7 verbose parsed url   port: null,
7 verbose parsed url   hostname: 'github.com',
7 verbose parsed url   hash: null,
7 verbose parsed url   search: null,
7 verbose parsed url   query: null,
7 verbose parsed url   pathname: '/jsdoc3/jsdoc.git',
7 verbose parsed url   path: '/jsdoc3/jsdoc.git',
7 verbose parsed url   href: 'git://github.com/jsdoc3/jsdoc.git' }
8 silly lockFile 0dba5517-git-github-com-jsdoc3-jsdoc-git git://github.com/jsdoc3/jsdoc.git
9 verbose lock git://github.com/jsdoc3/jsdoc.git C:\Users\Diablo\AppData\Roaming\npm-cache\0dba5517-git-github-com-jsdoc3-jsdoc-git.lock
10 verbose addRemoteGit [ 'git://github.com/jsdoc3/jsdoc.git', 'master' ]
11 silly lockFile 0dba5517-git-github-com-jsdoc3-jsdoc-git git://github.com/jsdoc3/jsdoc.git
12 silly lockFile 0dba5517-git-github-com-jsdoc3-jsdoc-git git://github.com/jsdoc3/jsdoc.git
13 error not found: git
14 error Failed using git.
14 error This is most likely not a problem with npm itself.
14 error Please check if you have git installed and in your PATH.
15 error System Windows_NT 6.1.7601
16 error command "C:\\Program Files (x86)\\nodejs\\\\node.exe" "C:\\Program Files (x86)\\nodejs\\node_modules\\npm\\bin\\npm-cli.js" "install" "-g" "git://github.com/jsdoc3/jsdoc.git"
17 error cwd z:\home\amixok.ru\www\css
18 error node -v v0.10.21
19 error npm -v 1.3.11
20 error code ENOGIT
21 verbose exit [ 1, true ]
